<?xml version="1.0" encoding="UTF-8"?>
<!-- Generated by org.testng.reporters.JUnitReportReporter -->
<testsuite hostname="develeap-Latitude-5590" failures="0" tests="3" name="unit.FirstTestNGTest" time="0.002" errors="0" timestamp="12 Dec 2019 09:13:55 GMT" skipped="0">
  <testcase classname="unit.FirstTestNGTest" name="successfulAddUserReturnsTrue" time="0.001"/>
  <testcase classname="unit.FirstTestNGTest" name="getNonExistingUserReturnsNull" time="0.001"/>
  <testcase classname="unit.FirstTestNGTest" name="getExistingUserReturnsExistingSavedUser" time="0.000"/>
</testsuite> <!-- unit.FirstTestNGTest -->
