<?xml version="1.0" encoding="UTF-8"?>
<!-- Generated by org.testng.reporters.JUnitReportReporter -->
<testsuite hostname="develeap-Latitude-5590" failures="0" tests="2" name="unit.LeonTest" time="0.001" errors="0" timestamp="12 Dec 2019 07:16:02 GMT" skipped="0">
  <testcase classname="unit.LeonTest" name="aTest1" time="0.001"/>
  <testcase classname="unit.LeonTest" name="bTest1" time="0.000"/>
</testsuite> <!-- unit.LeonTest -->
